2025-01-05 04:24:13,744 | INFO | 开始执行训练脚本...
2025-01-05 04:24:13,744 | INFO | 日志将保存到 ./logs/batch128_lr0.0003_wd0.05_modelvit_base_patch16_224_20250105_042413
2025-01-05 04:24:13,744 | INFO | 训练参数: {'data_dir': '/home/lpya/projects/datasets', 'batch_size': 128, 'epochs': 100, 'lr': 0.0003, 'weight_decay': 0.05, 'checkpoint_dir': './checkpoints', 'accumulation_steps': 4, 'model_name': 'vit_base_patch16_224'}
2025-01-05 04:24:13,744 | INFO | 开始时间: 2025-01-05 04:24:13
2025-01-05 04:24:13,745 | INFO | 加载数据...
2025-01-05 04:24:15,544 | INFO | 构建模型...
2025-01-05 04:24:17,539 | INFO | 转换为 SyncBatchNorm 并使用 DistributedDataParallel...
2025-01-05 04:24:18,524 | INFO | 设置损失函数和优化器...
2025-01-05 04:24:18,526 | INFO | 开始第 1 轮训练。
2025-01-05 04:24:48,297 | INFO | Epoch [1] Train Loss: 2.7559 | Train Acc: 16.40% | Train Time: 29.77s
2025-01-05 04:24:50,765 | INFO | Epoch [1] Val Loss: 2.1284 | Val Acc: 22.16% | Val Time: 2.47s
2025-01-05 04:24:50,766 | INFO | Epoch [1] Train Loss: 2.7559 | Train Acc: 16.40% | Train Time: 29.77s | Val Loss: 2.1284 | Val Acc: 22.16% | Val Time: 2.47s | Total Elapsed Time: 32.24s
2025-01-05 04:24:56,806 | INFO | 开始第 2 轮训练。
2025-01-05 04:25:17,894 | INFO | Epoch [2] Train Loss: 2.1619 | Train Acc: 18.06% | Train Time: 21.08s
2025-01-05 04:25:20,510 | INFO | Epoch [2] Val Loss: 2.0506 | Val Acc: 21.52% | Val Time: 2.61s
2025-01-05 04:25:20,511 | INFO | Epoch [2] Train Loss: 2.1619 | Train Acc: 18.06% | Train Time: 21.08s | Val Loss: 2.0506 | Val Acc: 21.52% | Val Time: 2.61s | Total Elapsed Time: 61.98s
2025-01-05 04:25:20,511 | INFO | 开始第 3 轮训练。
2025-01-05 04:25:48,561 | INFO | Epoch [3] Train Loss: 2.1251 | Train Acc: 18.66% | Train Time: 28.05s
2025-01-05 04:25:51,132 | INFO | Epoch [3] Val Loss: 2.0148 | Val Acc: 23.68% | Val Time: 2.57s
2025-01-05 04:25:51,133 | INFO | Epoch [3] Train Loss: 2.1251 | Train Acc: 18.66% | Train Time: 28.05s | Val Loss: 2.0148 | Val Acc: 23.68% | Val Time: 2.57s | Total Elapsed Time: 92.61s
2025-01-05 04:25:57,061 | INFO | 开始第 4 轮训练。
2025-01-05 04:26:18,107 | INFO | Epoch [4] Train Loss: 2.0844 | Train Acc: 21.18% | Train Time: 21.04s
2025-01-05 04:26:20,800 | INFO | Epoch [4] Val Loss: 1.9841 | Val Acc: 26.00% | Val Time: 2.69s
2025-01-05 04:26:20,800 | INFO | Epoch [4] Train Loss: 2.0844 | Train Acc: 21.18% | Train Time: 21.04s | Val Loss: 1.9841 | Val Acc: 26.00% | Val Time: 2.69s | Total Elapsed Time: 122.27s
2025-01-05 04:26:26,037 | INFO | 开始第 5 轮训练。
2025-01-05 04:26:47,936 | INFO | Epoch [5] Train Loss: 2.0558 | Train Acc: 21.66% | Train Time: 21.89s
2025-01-05 04:26:50,628 | INFO | Epoch [5] Val Loss: 1.9262 | Val Acc: 26.16% | Val Time: 2.69s
2025-01-05 04:26:50,629 | INFO | Epoch [5] Train Loss: 2.0558 | Train Acc: 21.66% | Train Time: 21.89s | Val Loss: 1.9262 | Val Acc: 26.16% | Val Time: 2.69s | Total Elapsed Time: 152.10s
2025-01-05 04:26:56,853 | INFO | 开始第 6 轮训练。
2025-01-05 04:27:17,870 | INFO | Epoch [6] Train Loss: 2.0443 | Train Acc: 22.38% | Train Time: 21.01s
2025-01-05 04:27:20,547 | INFO | Epoch [6] Val Loss: 1.9174 | Val Acc: 27.76% | Val Time: 2.67s
2025-01-05 04:27:20,548 | INFO | Epoch [6] Train Loss: 2.0443 | Train Acc: 22.38% | Train Time: 21.01s | Val Loss: 1.9174 | Val Acc: 27.76% | Val Time: 2.67s | Total Elapsed Time: 182.02s
2025-01-05 04:27:27,608 | INFO | 开始第 7 轮训练。
2025-01-05 04:27:48,060 | INFO | Epoch [7] Train Loss: 2.0137 | Train Acc: 23.28% | Train Time: 20.45s
2025-01-05 04:27:50,787 | INFO | Epoch [7] Val Loss: 1.8746 | Val Acc: 30.80% | Val Time: 2.72s
2025-01-05 04:27:50,788 | INFO | Epoch [7] Train Loss: 2.0137 | Train Acc: 23.28% | Train Time: 20.45s | Val Loss: 1.8746 | Val Acc: 30.80% | Val Time: 2.72s | Total Elapsed Time: 212.26s
2025-01-05 04:27:56,207 | INFO | 开始第 8 轮训练。
2025-01-05 04:28:17,917 | INFO | Epoch [8] Train Loss: 1.9672 | Train Acc: 25.54% | Train Time: 21.71s
2025-01-05 04:28:20,432 | INFO | Epoch [8] Val Loss: 1.8295 | Val Acc: 32.24% | Val Time: 2.51s
2025-01-05 04:28:20,432 | INFO | Epoch [8] Train Loss: 1.9672 | Train Acc: 25.54% | Train Time: 21.71s | Val Loss: 1.8295 | Val Acc: 32.24% | Val Time: 2.51s | Total Elapsed Time: 241.91s
2025-01-05 04:28:25,350 | INFO | 开始第 9 轮训练。
2025-01-05 04:28:47,677 | INFO | Epoch [9] Train Loss: 1.9594 | Train Acc: 26.75% | Train Time: 22.32s
2025-01-05 04:28:50,181 | INFO | Epoch [9] Val Loss: 1.8046 | Val Acc: 31.28% | Val Time: 2.50s
2025-01-05 04:28:50,181 | INFO | Epoch [9] Train Loss: 1.9594 | Train Acc: 26.75% | Train Time: 22.32s | Val Loss: 1.8046 | Val Acc: 31.28% | Val Time: 2.50s | Total Elapsed Time: 271.65s
2025-01-05 04:28:50,181 | INFO | 开始第 10 轮训练。
2025-01-05 04:29:16,699 | INFO | Epoch [10] Train Loss: 1.9204 | Train Acc: 28.35% | Train Time: 26.52s
2025-01-05 04:29:19,380 | INFO | Epoch [10] Val Loss: 1.8692 | Val Acc: 31.36% | Val Time: 2.68s
2025-01-05 04:29:19,381 | INFO | Epoch [10] Train Loss: 1.9204 | Train Acc: 28.35% | Train Time: 26.52s | Val Loss: 1.8692 | Val Acc: 31.36% | Val Time: 2.68s | Total Elapsed Time: 300.85s
2025-01-05 04:29:19,381 | INFO | 开始第 11 轮训练。
2025-01-05 04:29:45,695 | INFO | Epoch [11] Train Loss: 1.9307 | Train Acc: 27.30% | Train Time: 26.31s
2025-01-05 04:29:48,461 | INFO | Epoch [11] Val Loss: 1.7495 | Val Acc: 33.68% | Val Time: 2.76s
2025-01-05 04:29:48,461 | INFO | Epoch [11] Train Loss: 1.9307 | Train Acc: 27.30% | Train Time: 26.31s | Val Loss: 1.7495 | Val Acc: 33.68% | Val Time: 2.76s | Total Elapsed Time: 329.94s
2025-01-05 04:29:56,114 | INFO | 开始第 12 轮训练。
2025-01-05 04:30:15,966 | INFO | Epoch [12] Train Loss: 1.8786 | Train Acc: 29.97% | Train Time: 19.85s
2025-01-05 04:30:18,520 | INFO | Epoch [12] Val Loss: 1.8009 | Val Acc: 31.52% | Val Time: 2.55s
2025-01-05 04:30:18,521 | INFO | Epoch [12] Train Loss: 1.8786 | Train Acc: 29.97% | Train Time: 19.85s | Val Loss: 1.8009 | Val Acc: 31.52% | Val Time: 2.55s | Total Elapsed Time: 359.99s
2025-01-05 04:30:18,521 | INFO | 开始第 13 轮训练。
2025-01-05 04:30:45,979 | INFO | Epoch [13] Train Loss: 1.8660 | Train Acc: 29.90% | Train Time: 27.46s
2025-01-05 04:30:48,571 | INFO | Epoch [13] Val Loss: 1.7154 | Val Acc: 35.20% | Val Time: 2.59s
2025-01-05 04:30:48,572 | INFO | Epoch [13] Train Loss: 1.8660 | Train Acc: 29.90% | Train Time: 27.46s | Val Loss: 1.7154 | Val Acc: 35.20% | Val Time: 2.59s | Total Elapsed Time: 390.05s
2025-01-05 04:30:53,809 | INFO | 开始第 14 轮训练。
2025-01-05 04:31:15,459 | INFO | Epoch [14] Train Loss: 1.8194 | Train Acc: 32.06% | Train Time: 21.65s
2025-01-05 04:31:18,345 | INFO | Epoch [14] Val Loss: 1.7819 | Val Acc: 34.40% | Val Time: 2.88s
2025-01-05 04:31:18,346 | INFO | Epoch [14] Train Loss: 1.8194 | Train Acc: 32.06% | Train Time: 21.65s | Val Loss: 1.7819 | Val Acc: 34.40% | Val Time: 2.88s | Total Elapsed Time: 419.82s
2025-01-05 04:31:18,346 | INFO | 开始第 15 轮训练。
2025-01-05 04:31:45,455 | INFO | Epoch [15] Train Loss: 1.8773 | Train Acc: 30.21% | Train Time: 27.11s
2025-01-05 04:31:47,807 | INFO | Epoch [15] Val Loss: 1.6802 | Val Acc: 36.64% | Val Time: 2.35s
2025-01-05 04:31:47,808 | INFO | Epoch [15] Train Loss: 1.8773 | Train Acc: 30.21% | Train Time: 27.11s | Val Loss: 1.6802 | Val Acc: 36.64% | Val Time: 2.35s | Total Elapsed Time: 449.28s
2025-01-05 04:31:51,849 | INFO | 开始第 16 轮训练。
2025-01-05 04:32:15,409 | INFO | Epoch [16] Train Loss: 1.8086 | Train Acc: 33.20% | Train Time: 23.56s
2025-01-05 04:32:18,016 | INFO | Epoch [16] Val Loss: 1.6178 | Val Acc: 40.08% | Val Time: 2.60s
2025-01-05 04:32:18,017 | INFO | Epoch [16] Train Loss: 1.8086 | Train Acc: 33.20% | Train Time: 23.56s | Val Loss: 1.6178 | Val Acc: 40.08% | Val Time: 2.60s | Total Elapsed Time: 479.49s
2025-01-05 04:32:23,937 | INFO | 开始第 17 轮训练。
2025-01-05 04:32:46,376 | INFO | Epoch [17] Train Loss: 1.7902 | Train Acc: 33.76% | Train Time: 22.44s
2025-01-05 04:32:48,857 | INFO | Epoch [17] Val Loss: 1.6769 | Val Acc: 37.36% | Val Time: 2.48s
2025-01-05 04:32:48,857 | INFO | Epoch [17] Train Loss: 1.7902 | Train Acc: 33.76% | Train Time: 22.44s | Val Loss: 1.6769 | Val Acc: 37.36% | Val Time: 2.48s | Total Elapsed Time: 510.33s
2025-01-05 04:32:48,857 | INFO | 开始第 18 轮训练。
2025-01-05 04:33:16,465 | INFO | Epoch [18] Train Loss: 1.7556 | Train Acc: 35.95% | Train Time: 27.61s
2025-01-05 04:33:19,112 | INFO | Epoch [18] Val Loss: 1.7818 | Val Acc: 33.60% | Val Time: 2.64s
2025-01-05 04:33:19,113 | INFO | Epoch [18] Train Loss: 1.7556 | Train Acc: 35.95% | Train Time: 27.61s | Val Loss: 1.7818 | Val Acc: 33.60% | Val Time: 2.64s | Total Elapsed Time: 540.59s
2025-01-05 04:33:19,113 | INFO | 开始第 19 轮训练。
2025-01-05 04:33:46,525 | INFO | Epoch [19] Train Loss: 1.8382 | Train Acc: 32.90% | Train Time: 27.41s
2025-01-05 04:33:49,137 | INFO | Epoch [19] Val Loss: 1.7188 | Val Acc: 35.36% | Val Time: 2.61s
2025-01-05 04:33:49,137 | INFO | Epoch [19] Train Loss: 1.8382 | Train Acc: 32.90% | Train Time: 27.41s | Val Loss: 1.7188 | Val Acc: 35.36% | Val Time: 2.61s | Total Elapsed Time: 570.61s
2025-01-05 04:33:49,137 | INFO | 开始第 20 轮训练。
2025-01-05 04:34:16,803 | INFO | Epoch [20] Train Loss: 1.7624 | Train Acc: 35.02% | Train Time: 27.66s
2025-01-05 04:34:19,150 | INFO | Epoch [20] Val Loss: 1.6117 | Val Acc: 40.96% | Val Time: 2.34s
2025-01-05 04:34:19,150 | INFO | Epoch [20] Train Loss: 1.7624 | Train Acc: 35.02% | Train Time: 27.66s | Val Loss: 1.6117 | Val Acc: 40.96% | Val Time: 2.34s | Total Elapsed Time: 600.62s
2025-01-05 04:34:23,833 | INFO | 开始第 21 轮训练。
2025-01-05 04:34:47,507 | INFO | Epoch [21] Train Loss: 1.7164 | Train Acc: 36.61% | Train Time: 23.67s
2025-01-05 04:34:50,254 | INFO | Epoch [21] Val Loss: 1.5654 | Val Acc: 42.40% | Val Time: 2.75s
2025-01-05 04:34:50,255 | INFO | Epoch [21] Train Loss: 1.7164 | Train Acc: 36.61% | Train Time: 23.67s | Val Loss: 1.5654 | Val Acc: 42.40% | Val Time: 2.75s | Total Elapsed Time: 631.73s
2025-01-05 04:34:53,002 | INFO | 开始第 22 轮训练。
2025-01-05 04:35:19,581 | INFO | Epoch [22] Train Loss: 1.6838 | Train Acc: 38.32% | Train Time: 26.58s
2025-01-05 04:35:22,269 | INFO | Epoch [22] Val Loss: 1.6682 | Val Acc: 39.84% | Val Time: 2.69s
2025-01-05 04:35:22,270 | INFO | Epoch [22] Train Loss: 1.6838 | Train Acc: 38.32% | Train Time: 26.58s | Val Loss: 1.6682 | Val Acc: 39.84% | Val Time: 2.69s | Total Elapsed Time: 663.74s
2025-01-05 04:35:22,270 | INFO | 开始第 23 轮训练。
2025-01-05 04:35:51,832 | INFO | Epoch [23] Train Loss: 1.7497 | Train Acc: 35.89% | Train Time: 29.56s
2025-01-05 04:35:54,372 | INFO | Epoch [23] Val Loss: 1.5730 | Val Acc: 42.80% | Val Time: 2.54s
2025-01-05 04:35:54,373 | INFO | Epoch [23] Train Loss: 1.7497 | Train Acc: 35.89% | Train Time: 29.56s | Val Loss: 1.5730 | Val Acc: 42.80% | Val Time: 2.54s | Total Elapsed Time: 695.85s
2025-01-05 04:35:56,443 | INFO | 开始第 24 轮训练。
2025-01-05 04:36:24,534 | INFO | Epoch [24] Train Loss: 1.6654 | Train Acc: 38.67% | Train Time: 28.08s
2025-01-05 04:36:26,748 | INFO | Epoch [24] Val Loss: 1.5156 | Val Acc: 44.88% | Val Time: 2.21s
2025-01-05 04:36:26,749 | INFO | Epoch [24] Train Loss: 1.6654 | Train Acc: 38.67% | Train Time: 28.08s | Val Loss: 1.5156 | Val Acc: 44.88% | Val Time: 2.21s | Total Elapsed Time: 728.22s
2025-01-05 04:36:30,520 | INFO | 开始第 25 轮训练。
2025-01-05 04:36:59,346 | INFO | Epoch [25] Train Loss: 1.6674 | Train Acc: 39.02% | Train Time: 28.82s
2025-01-05 04:37:02,407 | INFO | Epoch [25] Val Loss: 1.5007 | Val Acc: 45.68% | Val Time: 3.06s
2025-01-05 04:37:02,408 | INFO | Epoch [25] Train Loss: 1.6674 | Train Acc: 39.02% | Train Time: 28.82s | Val Loss: 1.5007 | Val Acc: 45.68% | Val Time: 3.06s | Total Elapsed Time: 763.88s
2025-01-05 04:37:07,008 | INFO | 开始第 26 轮训练。
2025-01-05 04:37:34,404 | INFO | Epoch [26] Train Loss: 1.6517 | Train Acc: 39.34% | Train Time: 27.39s
2025-01-05 04:37:37,623 | INFO | Epoch [26] Val Loss: 1.4818 | Val Acc: 45.60% | Val Time: 3.22s
2025-01-05 04:37:37,624 | INFO | Epoch [26] Train Loss: 1.6517 | Train Acc: 39.34% | Train Time: 27.39s | Val Loss: 1.4818 | Val Acc: 45.60% | Val Time: 3.22s | Total Elapsed Time: 799.10s
2025-01-05 04:37:37,624 | INFO | 开始第 27 轮训练。
2025-01-05 04:38:09,020 | INFO | Epoch [27] Train Loss: 1.6091 | Train Acc: 41.89% | Train Time: 31.39s
2025-01-05 04:38:12,310 | INFO | Epoch [27] Val Loss: 1.4234 | Val Acc: 48.40% | Val Time: 3.29s
2025-01-05 04:38:12,311 | INFO | Epoch [27] Train Loss: 1.6091 | Train Acc: 41.89% | Train Time: 31.39s | Val Loss: 1.4234 | Val Acc: 48.40% | Val Time: 3.29s | Total Elapsed Time: 833.78s
2025-01-05 04:38:15,487 | INFO | 开始第 28 轮训练。
2025-01-05 04:38:45,180 | INFO | Epoch [28] Train Loss: 1.5893 | Train Acc: 42.56% | Train Time: 29.69s
2025-01-05 04:38:48,839 | INFO | Epoch [28] Val Loss: 1.4345 | Val Acc: 46.48% | Val Time: 3.66s
2025-01-05 04:38:48,840 | INFO | Epoch [28] Train Loss: 1.5893 | Train Acc: 42.56% | Train Time: 29.69s | Val Loss: 1.4345 | Val Acc: 46.48% | Val Time: 3.66s | Total Elapsed Time: 870.31s
2025-01-05 04:38:48,840 | INFO | 开始第 29 轮训练。
2025-01-05 04:39:19,971 | INFO | Epoch [29] Train Loss: 1.5860 | Train Acc: 42.69% | Train Time: 31.13s
2025-01-05 04:39:23,357 | INFO | Epoch [29] Val Loss: 1.4412 | Val Acc: 48.56% | Val Time: 3.38s
2025-01-05 04:39:23,358 | INFO | Epoch [29] Train Loss: 1.5860 | Train Acc: 42.69% | Train Time: 31.13s | Val Loss: 1.4412 | Val Acc: 48.56% | Val Time: 3.38s | Total Elapsed Time: 904.83s
2025-01-05 04:39:27,102 | INFO | 开始第 30 轮训练。
2025-01-05 04:39:56,737 | INFO | Epoch [30] Train Loss: 1.5679 | Train Acc: 43.86% | Train Time: 29.63s
2025-01-05 04:40:00,528 | INFO | Epoch [30] Val Loss: 1.5414 | Val Acc: 44.40% | Val Time: 3.79s
2025-01-05 04:40:00,529 | INFO | Epoch [30] Train Loss: 1.5679 | Train Acc: 43.86% | Train Time: 29.63s | Val Loss: 1.5414 | Val Acc: 44.40% | Val Time: 3.79s | Total Elapsed Time: 942.00s
2025-01-05 04:40:00,529 | INFO | 开始第 31 轮训练。
2025-01-05 04:40:31,967 | INFO | Epoch [31] Train Loss: 1.6042 | Train Acc: 41.86% | Train Time: 31.44s
2025-01-05 04:40:35,650 | INFO | Epoch [31] Val Loss: 1.4379 | Val Acc: 47.76% | Val Time: 3.68s
2025-01-05 04:40:35,651 | INFO | Epoch [31] Train Loss: 1.6042 | Train Acc: 41.86% | Train Time: 31.44s | Val Loss: 1.4379 | Val Acc: 47.76% | Val Time: 3.68s | Total Elapsed Time: 977.13s
2025-01-05 04:40:35,651 | INFO | 开始第 32 轮训练。
2025-01-05 04:41:08,638 | INFO | Epoch [32] Train Loss: 1.5428 | Train Acc: 43.47% | Train Time: 32.98s
2025-01-05 04:41:12,395 | INFO | Epoch [32] Val Loss: 1.4117 | Val Acc: 48.56% | Val Time: 3.75s
2025-01-05 04:41:12,396 | INFO | Epoch [32] Train Loss: 1.5428 | Train Acc: 43.47% | Train Time: 32.98s | Val Loss: 1.4117 | Val Acc: 48.56% | Val Time: 3.75s | Total Elapsed Time: 1013.87s
2025-01-05 04:41:12,396 | INFO | 开始第 33 轮训练。
2025-01-05 04:41:43,695 | INFO | Epoch [33] Train Loss: 1.5231 | Train Acc: 45.34% | Train Time: 31.30s
2025-01-05 04:41:47,401 | INFO | Epoch [33] Val Loss: 1.3678 | Val Acc: 49.76% | Val Time: 3.70s
2025-01-05 04:41:47,402 | INFO | Epoch [33] Train Loss: 1.5231 | Train Acc: 45.34% | Train Time: 31.30s | Val Loss: 1.3678 | Val Acc: 49.76% | Val Time: 3.70s | Total Elapsed Time: 1048.88s
2025-01-05 04:41:54,289 | INFO | 开始第 34 轮训练。
2025-01-05 04:42:19,912 | INFO | Epoch [34] Train Loss: 1.4814 | Train Acc: 47.42% | Train Time: 25.62s
2025-01-05 04:42:23,406 | INFO | Epoch [34] Val Loss: 1.3559 | Val Acc: 49.76% | Val Time: 3.49s
2025-01-05 04:42:23,407 | INFO | Epoch [34] Train Loss: 1.4814 | Train Acc: 47.42% | Train Time: 25.62s | Val Loss: 1.3559 | Val Acc: 49.76% | Val Time: 3.49s | Total Elapsed Time: 1084.88s
2025-01-05 04:42:23,407 | INFO | 开始第 35 轮训练。
2025-01-05 04:42:55,921 | INFO | Epoch [35] Train Loss: 1.4710 | Train Acc: 48.18% | Train Time: 32.51s
2025-01-05 04:42:59,557 | INFO | Epoch [35] Val Loss: 1.3520 | Val Acc: 51.20% | Val Time: 3.63s
2025-01-05 04:42:59,558 | INFO | Epoch [35] Train Loss: 1.4710 | Train Acc: 48.18% | Train Time: 32.51s | Val Loss: 1.3520 | Val Acc: 51.20% | Val Time: 3.63s | Total Elapsed Time: 1121.03s
2025-01-05 04:43:05,259 | INFO | 开始第 36 轮训练。
2025-01-05 04:43:33,154 | INFO | Epoch [36] Train Loss: 1.4937 | Train Acc: 46.24% | Train Time: 27.87s
2025-01-05 04:43:36,739 | INFO | Epoch [36] Val Loss: 1.3199 | Val Acc: 51.28% | Val Time: 3.58s
2025-01-05 04:43:36,740 | INFO | Epoch [36] Train Loss: 1.4937 | Train Acc: 46.24% | Train Time: 27.87s | Val Loss: 1.3199 | Val Acc: 51.28% | Val Time: 3.58s | Total Elapsed Time: 1158.21s
2025-01-05 04:43:42,648 | INFO | 开始第 37 轮训练。
2025-01-05 04:44:10,627 | INFO | Epoch [37] Train Loss: 1.4547 | Train Acc: 47.09% | Train Time: 27.97s
2025-01-05 04:44:14,578 | INFO | Epoch [37] Val Loss: 1.3249 | Val Acc: 51.36% | Val Time: 3.95s
2025-01-05 04:44:14,578 | INFO | Epoch [37] Train Loss: 1.4547 | Train Acc: 47.09% | Train Time: 27.97s | Val Loss: 1.3249 | Val Acc: 51.36% | Val Time: 3.95s | Total Elapsed Time: 1196.05s
2025-01-05 04:44:22,992 | INFO | 开始第 38 轮训练。
2025-01-05 04:44:48,217 | INFO | Epoch [38] Train Loss: 1.4357 | Train Acc: 48.29% | Train Time: 25.21s
2025-01-05 04:44:51,889 | INFO | Epoch [38] Val Loss: 1.2977 | Val Acc: 54.08% | Val Time: 3.67s
2025-01-05 04:44:51,889 | INFO | Epoch [38] Train Loss: 1.4357 | Train Acc: 48.29% | Train Time: 25.21s | Val Loss: 1.2977 | Val Acc: 54.08% | Val Time: 3.67s | Total Elapsed Time: 1233.36s
2025-01-05 04:45:01,521 | INFO | 开始第 39 轮训练。
2025-01-05 04:45:27,142 | INFO | Epoch [39] Train Loss: 1.4173 | Train Acc: 49.87% | Train Time: 25.62s
2025-01-05 04:45:31,041 | INFO | Epoch [39] Val Loss: 1.2376 | Val Acc: 54.48% | Val Time: 3.90s
2025-01-05 04:45:31,042 | INFO | Epoch [39] Train Loss: 1.4173 | Train Acc: 49.87% | Train Time: 25.62s | Val Loss: 1.2376 | Val Acc: 54.48% | Val Time: 3.90s | Total Elapsed Time: 1272.52s
2025-01-05 04:45:36,813 | INFO | 开始第 40 轮训练。
2025-01-05 04:46:06,130 | INFO | Epoch [40] Train Loss: 1.4153 | Train Acc: 49.65% | Train Time: 29.31s
2025-01-05 04:46:10,369 | INFO | Epoch [40] Val Loss: 1.2726 | Val Acc: 53.60% | Val Time: 4.24s
2025-01-05 04:46:10,370 | INFO | Epoch [40] Train Loss: 1.4153 | Train Acc: 49.65% | Train Time: 29.31s | Val Loss: 1.2726 | Val Acc: 53.60% | Val Time: 4.24s | Total Elapsed Time: 1311.84s
2025-01-05 04:46:10,371 | INFO | 开始第 41 轮训练。
2025-01-05 04:46:46,312 | INFO | Epoch [41] Train Loss: 1.3901 | Train Acc: 49.71% | Train Time: 35.94s
2025-01-05 04:46:50,124 | INFO | Epoch [41] Val Loss: 1.2599 | Val Acc: 54.96% | Val Time: 3.81s
2025-01-05 04:46:50,126 | INFO | Epoch [41] Train Loss: 1.3901 | Train Acc: 49.71% | Train Time: 35.94s | Val Loss: 1.2599 | Val Acc: 54.96% | Val Time: 3.81s | Total Elapsed Time: 1351.60s
2025-01-05 04:46:57,554 | INFO | 开始第 42 轮训练。
2025-01-05 04:47:24,836 | INFO | Epoch [42] Train Loss: 1.4098 | Train Acc: 49.41% | Train Time: 27.28s
2025-01-05 04:47:28,749 | INFO | Epoch [42] Val Loss: 1.2365 | Val Acc: 55.76% | Val Time: 3.91s
2025-01-05 04:47:28,749 | INFO | Epoch [42] Train Loss: 1.4098 | Train Acc: 49.41% | Train Time: 27.28s | Val Loss: 1.2365 | Val Acc: 55.76% | Val Time: 3.91s | Total Elapsed Time: 1390.22s
2025-01-05 04:47:33,157 | INFO | 开始第 43 轮训练。
2025-01-05 04:48:03,821 | INFO | Epoch [43] Train Loss: 1.3578 | Train Acc: 51.25% | Train Time: 30.66s
2025-01-05 04:48:07,762 | INFO | Epoch [43] Val Loss: 1.2026 | Val Acc: 56.16% | Val Time: 3.94s
2025-01-05 04:48:07,763 | INFO | Epoch [43] Train Loss: 1.3578 | Train Acc: 51.25% | Train Time: 30.66s | Val Loss: 1.2026 | Val Acc: 56.16% | Val Time: 3.94s | Total Elapsed Time: 1429.24s
2025-01-05 04:48:16,400 | INFO | 开始第 44 轮训练。
2025-01-05 04:48:43,097 | INFO | Epoch [44] Train Loss: 1.3591 | Train Acc: 51.10% | Train Time: 26.69s
2025-01-05 04:48:47,046 | INFO | Epoch [44] Val Loss: 1.1959 | Val Acc: 56.56% | Val Time: 3.95s
2025-01-05 04:48:47,047 | INFO | Epoch [44] Train Loss: 1.3591 | Train Acc: 51.10% | Train Time: 26.69s | Val Loss: 1.1959 | Val Acc: 56.56% | Val Time: 3.95s | Total Elapsed Time: 1468.52s
2025-01-05 04:48:54,497 | INFO | 开始第 45 轮训练。
2025-01-05 04:49:21,559 | INFO | Epoch [45] Train Loss: 1.3375 | Train Acc: 52.10% | Train Time: 27.06s
2025-01-05 04:49:25,467 | INFO | Epoch [45] Val Loss: 1.3030 | Val Acc: 53.60% | Val Time: 3.90s
2025-01-05 04:49:25,467 | INFO | Epoch [45] Train Loss: 1.3375 | Train Acc: 52.10% | Train Time: 27.06s | Val Loss: 1.3030 | Val Acc: 53.60% | Val Time: 3.90s | Total Elapsed Time: 1506.94s
2025-01-05 04:49:25,467 | INFO | 开始第 46 轮训练。
2025-01-05 04:49:59,855 | INFO | Epoch [46] Train Loss: 1.3924 | Train Acc: 50.45% | Train Time: 34.39s
2025-01-05 04:50:03,633 | INFO | Epoch [46] Val Loss: 1.2270 | Val Acc: 55.04% | Val Time: 3.78s
2025-01-05 04:50:03,635 | INFO | Epoch [46] Train Loss: 1.3924 | Train Acc: 50.45% | Train Time: 34.39s | Val Loss: 1.2270 | Val Acc: 55.04% | Val Time: 3.78s | Total Elapsed Time: 1545.11s
2025-01-05 04:50:03,635 | INFO | 开始第 47 轮训练。
2025-01-05 04:50:37,584 | INFO | Epoch [47] Train Loss: 1.3508 | Train Acc: 51.68% | Train Time: 33.95s
2025-01-05 04:50:41,606 | INFO | Epoch [47] Val Loss: 1.1717 | Val Acc: 58.24% | Val Time: 4.02s
2025-01-05 04:50:41,607 | INFO | Epoch [47] Train Loss: 1.3508 | Train Acc: 51.68% | Train Time: 33.95s | Val Loss: 1.1717 | Val Acc: 58.24% | Val Time: 4.02s | Total Elapsed Time: 1583.08s
2025-01-05 04:50:47,570 | INFO | 开始第 48 轮训练。
2025-01-05 04:51:14,693 | INFO | Epoch [48] Train Loss: 1.3007 | Train Acc: 53.82% | Train Time: 27.12s
2025-01-05 04:51:18,442 | INFO | Epoch [48] Val Loss: 1.1462 | Val Acc: 58.64% | Val Time: 3.75s
2025-01-05 04:51:18,443 | INFO | Epoch [48] Train Loss: 1.3007 | Train Acc: 53.82% | Train Time: 27.12s | Val Loss: 1.1462 | Val Acc: 58.64% | Val Time: 3.75s | Total Elapsed Time: 1619.92s
2025-01-05 04:51:23,707 | INFO | 开始第 49 轮训练。
2025-01-05 04:51:50,604 | INFO | Epoch [49] Train Loss: 1.2865 | Train Acc: 54.00% | Train Time: 26.89s
2025-01-05 04:51:54,071 | INFO | Epoch [49] Val Loss: 1.1165 | Val Acc: 60.24% | Val Time: 3.46s
2025-01-05 04:51:54,072 | INFO | Epoch [49] Train Loss: 1.2865 | Train Acc: 54.00% | Train Time: 26.89s | Val Loss: 1.1165 | Val Acc: 60.24% | Val Time: 3.46s | Total Elapsed Time: 1655.55s
2025-01-05 04:52:01,035 | INFO | 开始第 50 轮训练。
2025-01-05 04:52:26,012 | INFO | Epoch [50] Train Loss: 1.2777 | Train Acc: 54.40% | Train Time: 24.97s
2025-01-05 04:52:29,066 | INFO | Epoch [50] Val Loss: 1.1078 | Val Acc: 59.92% | Val Time: 3.05s
2025-01-05 04:52:29,066 | INFO | Epoch [50] Train Loss: 1.2777 | Train Acc: 54.40% | Train Time: 24.97s | Val Loss: 1.1078 | Val Acc: 59.92% | Val Time: 3.05s | Total Elapsed Time: 1690.54s
2025-01-05 04:52:29,066 | INFO | 开始第 51 轮训练。
2025-01-05 04:53:01,949 | INFO | Epoch [51] Train Loss: 1.2638 | Train Acc: 54.35% | Train Time: 32.88s
2025-01-05 04:53:05,288 | INFO | Epoch [51] Val Loss: 1.0718 | Val Acc: 61.60% | Val Time: 3.34s
2025-01-05 04:53:05,288 | INFO | Epoch [51] Train Loss: 1.2638 | Train Acc: 54.35% | Train Time: 32.88s | Val Loss: 1.0718 | Val Acc: 61.60% | Val Time: 3.34s | Total Elapsed Time: 1726.76s
2025-01-05 04:53:09,106 | INFO | 开始第 52 轮训练。
2025-01-05 04:53:37,270 | INFO | Epoch [52] Train Loss: 1.2572 | Train Acc: 55.31% | Train Time: 28.16s
2025-01-05 04:53:40,887 | INFO | Epoch [52] Val Loss: 1.0712 | Val Acc: 62.56% | Val Time: 3.61s
2025-01-05 04:53:40,888 | INFO | Epoch [52] Train Loss: 1.2572 | Train Acc: 55.31% | Train Time: 28.16s | Val Loss: 1.0712 | Val Acc: 62.56% | Val Time: 3.61s | Total Elapsed Time: 1762.36s
2025-01-05 04:53:47,543 | INFO | 开始第 53 轮训练。
2025-01-05 04:54:12,780 | INFO | Epoch [53] Train Loss: 1.2288 | Train Acc: 56.61% | Train Time: 25.22s
2025-01-05 04:54:16,029 | INFO | Epoch [53] Val Loss: 1.0551 | Val Acc: 63.12% | Val Time: 3.25s
2025-01-05 04:54:16,029 | INFO | Epoch [53] Train Loss: 1.2288 | Train Acc: 56.61% | Train Time: 25.22s | Val Loss: 1.0551 | Val Acc: 63.12% | Val Time: 3.25s | Total Elapsed Time: 1797.50s
2025-01-05 04:54:22,023 | INFO | 开始第 54 轮训练。
2025-01-05 04:54:48,483 | INFO | Epoch [54] Train Loss: 1.2255 | Train Acc: 55.92% | Train Time: 26.45s
2025-01-05 04:54:51,998 | INFO | Epoch [54] Val Loss: 1.0714 | Val Acc: 62.48% | Val Time: 3.51s
2025-01-05 04:54:51,999 | INFO | Epoch [54] Train Loss: 1.2255 | Train Acc: 55.92% | Train Time: 26.45s | Val Loss: 1.0714 | Val Acc: 62.48% | Val Time: 3.51s | Total Elapsed Time: 1833.47s
2025-01-05 04:54:52,000 | INFO | 开始第 55 轮训练。
2025-01-05 04:55:23,251 | INFO | Epoch [55] Train Loss: 1.2340 | Train Acc: 55.41% | Train Time: 31.25s
2025-01-05 04:55:26,519 | INFO | Epoch [55] Val Loss: 1.0752 | Val Acc: 62.96% | Val Time: 3.26s
2025-01-05 04:55:26,519 | INFO | Epoch [55] Train Loss: 1.2340 | Train Acc: 55.41% | Train Time: 31.25s | Val Loss: 1.0752 | Val Acc: 62.96% | Val Time: 3.26s | Total Elapsed Time: 1867.99s
2025-01-05 04:55:26,519 | INFO | 开始第 56 轮训练。
2025-01-05 04:55:56,077 | INFO | Epoch [56] Train Loss: 1.1831 | Train Acc: 57.34% | Train Time: 29.56s
2025-01-05 04:55:59,259 | INFO | Epoch [56] Val Loss: 1.0420 | Val Acc: 62.88% | Val Time: 3.18s
2025-01-05 04:55:59,260 | INFO | Epoch [56] Train Loss: 1.1831 | Train Acc: 57.34% | Train Time: 29.56s | Val Loss: 1.0420 | Val Acc: 62.88% | Val Time: 3.18s | Total Elapsed Time: 1900.73s
2025-01-05 04:55:59,260 | INFO | 开始第 57 轮训练。
2025-01-05 04:56:30,139 | INFO | Epoch [57] Train Loss: 1.2001 | Train Acc: 57.79% | Train Time: 30.88s
2025-01-05 04:56:33,173 | INFO | Epoch [57] Val Loss: 1.0375 | Val Acc: 63.28% | Val Time: 3.03s
2025-01-05 04:56:33,174 | INFO | Epoch [57] Train Loss: 1.2001 | Train Acc: 57.79% | Train Time: 30.88s | Val Loss: 1.0375 | Val Acc: 63.28% | Val Time: 3.03s | Total Elapsed Time: 1934.65s
2025-01-05 04:56:38,422 | INFO | 开始第 58 轮训练。
2025-01-05 04:57:03,844 | INFO | Epoch [58] Train Loss: 1.2020 | Train Acc: 57.01% | Train Time: 25.42s
2025-01-05 04:57:07,001 | INFO | Epoch [58] Val Loss: 1.0366 | Val Acc: 63.04% | Val Time: 3.15s
2025-01-05 04:57:07,002 | INFO | Epoch [58] Train Loss: 1.2020 | Train Acc: 57.01% | Train Time: 25.42s | Val Loss: 1.0366 | Val Acc: 63.04% | Val Time: 3.15s | Total Elapsed Time: 1968.48s
2025-01-05 04:57:07,002 | INFO | 开始第 59 轮训练。
2025-01-05 04:57:37,981 | INFO | Epoch [59] Train Loss: 1.1872 | Train Acc: 57.82% | Train Time: 30.98s
2025-01-05 04:57:41,237 | INFO | Epoch [59] Val Loss: 1.0165 | Val Acc: 63.20% | Val Time: 3.25s
2025-01-05 04:57:41,238 | INFO | Epoch [59] Train Loss: 1.1872 | Train Acc: 57.82% | Train Time: 30.98s | Val Loss: 1.0165 | Val Acc: 63.20% | Val Time: 3.25s | Total Elapsed Time: 2002.71s
2025-01-05 04:57:41,238 | INFO | 开始第 60 轮训练。
2025-01-05 04:58:12,173 | INFO | Epoch [60] Train Loss: 1.1815 | Train Acc: 58.03% | Train Time: 30.93s
2025-01-05 04:58:15,319 | INFO | Epoch [60] Val Loss: 0.9814 | Val Acc: 66.56% | Val Time: 3.14s
2025-01-05 04:58:15,320 | INFO | Epoch [60] Train Loss: 1.1815 | Train Acc: 58.03% | Train Time: 30.93s | Val Loss: 0.9814 | Val Acc: 66.56% | Val Time: 3.14s | Total Elapsed Time: 2036.79s
2025-01-05 04:58:20,264 | INFO | 开始第 61 轮训练。
2025-01-05 04:58:46,071 | INFO | Epoch [61] Train Loss: 1.1618 | Train Acc: 58.00% | Train Time: 25.80s
2025-01-05 04:58:49,190 | INFO | Epoch [61] Val Loss: 0.9972 | Val Acc: 65.68% | Val Time: 3.12s
2025-01-05 04:58:49,191 | INFO | Epoch [61] Train Loss: 1.1618 | Train Acc: 58.00% | Train Time: 25.80s | Val Loss: 0.9972 | Val Acc: 65.68% | Val Time: 3.12s | Total Elapsed Time: 2070.66s
2025-01-05 04:58:49,191 | INFO | 开始第 62 轮训练。
2025-01-05 04:59:18,598 | INFO | Epoch [62] Train Loss: 1.1464 | Train Acc: 58.78% | Train Time: 29.41s
2025-01-05 04:59:21,293 | INFO | Epoch [62] Val Loss: 0.9572 | Val Acc: 66.88% | Val Time: 2.69s
2025-01-05 04:59:21,294 | INFO | Epoch [62] Train Loss: 1.1464 | Train Acc: 58.78% | Train Time: 29.41s | Val Loss: 0.9572 | Val Acc: 66.88% | Val Time: 2.69s | Total Elapsed Time: 2102.77s
2025-01-05 04:59:27,906 | INFO | 开始第 63 轮训练。
2025-01-05 04:59:50,565 | INFO | Epoch [63] Train Loss: 1.1436 | Train Acc: 59.60% | Train Time: 22.65s
2025-01-05 04:59:53,132 | INFO | Epoch [63] Val Loss: 0.9669 | Val Acc: 66.72% | Val Time: 2.56s
2025-01-05 04:59:53,133 | INFO | Epoch [63] Train Loss: 1.1436 | Train Acc: 59.60% | Train Time: 22.65s | Val Loss: 0.9669 | Val Acc: 66.72% | Val Time: 2.56s | Total Elapsed Time: 2134.61s
2025-01-05 04:59:53,133 | INFO | 开始第 64 轮训练。
2025-01-05 05:00:23,088 | INFO | Epoch [64] Train Loss: 1.1246 | Train Acc: 59.39% | Train Time: 29.95s
2025-01-05 05:00:25,681 | INFO | Epoch [64] Val Loss: 0.9650 | Val Acc: 66.56% | Val Time: 2.59s
2025-01-05 05:00:25,682 | INFO | Epoch [64] Train Loss: 1.1246 | Train Acc: 59.39% | Train Time: 29.95s | Val Loss: 0.9650 | Val Acc: 66.56% | Val Time: 2.59s | Total Elapsed Time: 2167.16s
2025-01-05 05:00:25,682 | INFO | 开始第 65 轮训练。
2025-01-05 05:00:56,395 | INFO | Epoch [65] Train Loss: 1.1365 | Train Acc: 59.38% | Train Time: 30.71s
2025-01-05 05:00:59,455 | INFO | Epoch [65] Val Loss: 0.9527 | Val Acc: 66.72% | Val Time: 3.06s
2025-01-05 05:00:59,455 | INFO | Epoch [65] Train Loss: 1.1365 | Train Acc: 59.38% | Train Time: 30.71s | Val Loss: 0.9527 | Val Acc: 66.72% | Val Time: 3.06s | Total Elapsed Time: 2200.93s
2025-01-05 05:00:59,456 | INFO | 开始第 66 轮训练。
2025-01-05 05:01:28,986 | INFO | Epoch [66] Train Loss: 1.1085 | Train Acc: 60.91% | Train Time: 29.53s
2025-01-05 05:01:32,006 | INFO | Epoch [66] Val Loss: 0.9325 | Val Acc: 68.24% | Val Time: 3.02s
2025-01-05 05:01:32,006 | INFO | Epoch [66] Train Loss: 1.1085 | Train Acc: 60.91% | Train Time: 29.53s | Val Loss: 0.9325 | Val Acc: 68.24% | Val Time: 3.02s | Total Elapsed Time: 2233.48s
2025-01-05 05:01:37,078 | INFO | 开始第 67 轮训练。
2025-01-05 05:02:01,100 | INFO | Epoch [67] Train Loss: 1.1231 | Train Acc: 59.95% | Train Time: 24.00s
2025-01-05 05:02:03,843 | INFO | Epoch [67] Val Loss: 0.9346 | Val Acc: 68.00% | Val Time: 2.74s
2025-01-05 05:02:03,844 | INFO | Epoch [67] Train Loss: 1.1231 | Train Acc: 59.95% | Train Time: 24.00s | Val Loss: 0.9346 | Val Acc: 68.00% | Val Time: 2.74s | Total Elapsed Time: 2265.32s
2025-01-05 05:02:03,844 | INFO | 开始第 68 轮训练。
2025-01-05 05:02:33,238 | INFO | Epoch [68] Train Loss: 1.0896 | Train Acc: 61.54% | Train Time: 29.39s
2025-01-05 05:02:35,976 | INFO | Epoch [68] Val Loss: 0.9560 | Val Acc: 66.48% | Val Time: 2.74s
2025-01-05 05:02:35,977 | INFO | Epoch [68] Train Loss: 1.0896 | Train Acc: 61.54% | Train Time: 29.39s | Val Loss: 0.9560 | Val Acc: 66.48% | Val Time: 2.74s | Total Elapsed Time: 2297.45s
2025-01-05 05:02:35,977 | INFO | 开始第 69 轮训练。
2025-01-05 05:03:05,393 | INFO | Epoch [69] Train Loss: 1.1076 | Train Acc: 60.35% | Train Time: 29.41s
2025-01-05 05:03:08,083 | INFO | Epoch [69] Val Loss: 0.9435 | Val Acc: 67.12% | Val Time: 2.69s
2025-01-05 05:03:08,084 | INFO | Epoch [69] Train Loss: 1.1076 | Train Acc: 60.35% | Train Time: 29.41s | Val Loss: 0.9435 | Val Acc: 67.12% | Val Time: 2.69s | Total Elapsed Time: 2329.56s
2025-01-05 05:03:08,084 | INFO | 开始第 70 轮训练。
2025-01-05 05:03:37,542 | INFO | Epoch [70] Train Loss: 1.0944 | Train Acc: 61.02% | Train Time: 29.46s
2025-01-05 05:03:40,231 | INFO | Epoch [70] Val Loss: 0.9218 | Val Acc: 67.44% | Val Time: 2.69s
2025-01-05 05:03:40,232 | INFO | Epoch [70] Train Loss: 1.0944 | Train Acc: 61.02% | Train Time: 29.46s | Val Loss: 0.9218 | Val Acc: 67.44% | Val Time: 2.69s | Total Elapsed Time: 2361.71s
2025-01-05 05:03:40,232 | INFO | 开始第 71 轮训练。
2025-01-05 05:04:09,462 | INFO | Epoch [71] Train Loss: 1.0652 | Train Acc: 61.81% | Train Time: 29.23s
2025-01-05 05:04:12,220 | INFO | Epoch [71] Val Loss: 0.9356 | Val Acc: 67.52% | Val Time: 2.76s
2025-01-05 05:04:12,220 | INFO | Epoch [71] Train Loss: 1.0652 | Train Acc: 61.81% | Train Time: 29.23s | Val Loss: 0.9356 | Val Acc: 67.52% | Val Time: 2.76s | Total Elapsed Time: 2393.69s
2025-01-05 05:04:12,220 | INFO | 开始第 72 轮训练。
2025-01-05 05:04:41,751 | INFO | Epoch [72] Train Loss: 1.0921 | Train Acc: 61.10% | Train Time: 29.53s
2025-01-05 05:04:44,477 | INFO | Epoch [72] Val Loss: 0.9014 | Val Acc: 68.32% | Val Time: 2.72s
2025-01-05 05:04:44,477 | INFO | Epoch [72] Train Loss: 1.0921 | Train Acc: 61.10% | Train Time: 29.53s | Val Loss: 0.9014 | Val Acc: 68.32% | Val Time: 2.72s | Total Elapsed Time: 2425.95s
2025-01-05 05:04:51,200 | INFO | 开始第 73 轮训练。
2025-01-05 05:05:12,829 | INFO | Epoch [73] Train Loss: 1.0701 | Train Acc: 62.54% | Train Time: 21.62s
2025-01-05 05:05:15,443 | INFO | Epoch [73] Val Loss: 0.8850 | Val Acc: 69.44% | Val Time: 2.61s
2025-01-05 05:05:15,443 | INFO | Epoch [73] Train Loss: 1.0701 | Train Acc: 62.54% | Train Time: 21.62s | Val Loss: 0.8850 | Val Acc: 69.44% | Val Time: 2.61s | Total Elapsed Time: 2456.92s
2025-01-05 05:05:18,895 | INFO | 开始第 74 轮训练。
2025-01-05 05:05:43,919 | INFO | Epoch [74] Train Loss: 1.0482 | Train Acc: 62.51% | Train Time: 25.02s
2025-01-05 05:05:46,568 | INFO | Epoch [74] Val Loss: 0.9158 | Val Acc: 68.16% | Val Time: 2.65s
2025-01-05 05:05:46,568 | INFO | Epoch [74] Train Loss: 1.0482 | Train Acc: 62.51% | Train Time: 25.02s | Val Loss: 0.9158 | Val Acc: 68.16% | Val Time: 2.65s | Total Elapsed Time: 2488.04s
2025-01-05 05:05:46,569 | INFO | 开始第 75 轮训练。
2025-01-05 05:06:15,411 | INFO | Epoch [75] Train Loss: 1.0612 | Train Acc: 63.42% | Train Time: 28.84s
2025-01-05 05:06:18,252 | INFO | Epoch [75] Val Loss: 0.9124 | Val Acc: 68.64% | Val Time: 2.84s
2025-01-05 05:06:18,254 | INFO | Epoch [75] Train Loss: 1.0612 | Train Acc: 63.42% | Train Time: 28.84s | Val Loss: 0.9124 | Val Acc: 68.64% | Val Time: 2.84s | Total Elapsed Time: 2519.73s
2025-01-05 05:06:18,254 | INFO | 开始第 76 轮训练。
2025-01-05 05:06:46,741 | INFO | Epoch [76] Train Loss: 1.0419 | Train Acc: 62.64% | Train Time: 28.48s
2025-01-05 05:06:49,271 | INFO | Epoch [76] Val Loss: 0.8660 | Val Acc: 68.80% | Val Time: 2.53s
2025-01-05 05:06:49,272 | INFO | Epoch [76] Train Loss: 1.0419 | Train Acc: 62.64% | Train Time: 28.48s | Val Loss: 0.8660 | Val Acc: 68.80% | Val Time: 2.53s | Total Elapsed Time: 2550.75s
2025-01-05 05:06:49,272 | INFO | 开始第 77 轮训练。
2025-01-05 05:07:17,837 | INFO | Epoch [77] Train Loss: 1.0477 | Train Acc: 63.12% | Train Time: 28.56s
2025-01-05 05:07:20,548 | INFO | Epoch [77] Val Loss: 0.9075 | Val Acc: 68.32% | Val Time: 2.71s
2025-01-05 05:07:20,549 | INFO | Epoch [77] Train Loss: 1.0477 | Train Acc: 63.12% | Train Time: 28.56s | Val Loss: 0.9075 | Val Acc: 68.32% | Val Time: 2.71s | Total Elapsed Time: 2582.02s
2025-01-05 05:07:20,549 | INFO | 开始第 78 轮训练。
2025-01-05 05:07:48,652 | INFO | Epoch [78] Train Loss: 1.0402 | Train Acc: 63.17% | Train Time: 28.10s
2025-01-05 05:07:51,291 | INFO | Epoch [78] Val Loss: 0.8895 | Val Acc: 68.80% | Val Time: 2.64s
2025-01-05 05:07:51,291 | INFO | Epoch [78] Train Loss: 1.0402 | Train Acc: 63.17% | Train Time: 28.10s | Val Loss: 0.8895 | Val Acc: 68.80% | Val Time: 2.64s | Total Elapsed Time: 2612.77s
2025-01-05 05:07:51,291 | INFO | 开始第 79 轮训练。
2025-01-05 05:08:18,725 | INFO | Epoch [79] Train Loss: 1.0251 | Train Acc: 62.93% | Train Time: 27.43s
2025-01-05 05:08:21,213 | INFO | Epoch [79] Val Loss: 0.8840 | Val Acc: 69.68% | Val Time: 2.49s
2025-01-05 05:08:21,213 | INFO | Epoch [79] Train Loss: 1.0251 | Train Acc: 62.93% | Train Time: 27.43s | Val Loss: 0.8840 | Val Acc: 69.68% | Val Time: 2.49s | Total Elapsed Time: 2642.69s
2025-01-05 05:08:24,636 | INFO | 开始第 80 轮训练。
2025-01-05 05:08:49,271 | INFO | Epoch [80] Train Loss: 1.0097 | Train Acc: 64.51% | Train Time: 24.63s
2025-01-05 05:08:51,966 | INFO | Epoch [80] Val Loss: 0.8745 | Val Acc: 69.92% | Val Time: 2.69s
2025-01-05 05:08:51,967 | INFO | Epoch [80] Train Loss: 1.0097 | Train Acc: 64.51% | Train Time: 24.63s | Val Loss: 0.8745 | Val Acc: 69.92% | Val Time: 2.69s | Total Elapsed Time: 2673.44s
2025-01-05 05:08:55,054 | INFO | 开始第 81 轮训练。
2025-01-05 05:09:19,876 | INFO | Epoch [81] Train Loss: 1.0150 | Train Acc: 64.61% | Train Time: 24.82s
2025-01-05 05:09:22,574 | INFO | Epoch [81] Val Loss: 0.8554 | Val Acc: 70.48% | Val Time: 2.70s
2025-01-05 05:09:22,575 | INFO | Epoch [81] Train Loss: 1.0150 | Train Acc: 64.61% | Train Time: 24.82s | Val Loss: 0.8554 | Val Acc: 70.48% | Val Time: 2.70s | Total Elapsed Time: 2704.05s
2025-01-05 05:09:25,478 | INFO | 开始第 82 轮训练。
2025-01-05 05:09:50,251 | INFO | Epoch [82] Train Loss: 1.0063 | Train Acc: 64.27% | Train Time: 24.77s
2025-01-05 05:09:53,018 | INFO | Epoch [82] Val Loss: 0.8558 | Val Acc: 70.56% | Val Time: 2.76s
2025-01-05 05:09:53,019 | INFO | Epoch [82] Train Loss: 1.0063 | Train Acc: 64.27% | Train Time: 24.77s | Val Loss: 0.8558 | Val Acc: 70.56% | Val Time: 2.76s | Total Elapsed Time: 2734.49s
2025-01-05 05:10:00,636 | INFO | 开始第 83 轮训练。
2025-01-05 05:10:21,023 | INFO | Epoch [83] Train Loss: 1.0029 | Train Acc: 64.46% | Train Time: 20.38s
2025-01-05 05:10:23,779 | INFO | Epoch [83] Val Loss: 0.8626 | Val Acc: 69.92% | Val Time: 2.75s
2025-01-05 05:10:23,780 | INFO | Epoch [83] Train Loss: 1.0029 | Train Acc: 64.46% | Train Time: 20.38s | Val Loss: 0.8626 | Val Acc: 69.92% | Val Time: 2.75s | Total Elapsed Time: 2765.25s
2025-01-05 05:10:23,780 | INFO | 开始第 84 轮训练。
2025-01-05 05:10:50,981 | INFO | Epoch [84] Train Loss: 1.0108 | Train Acc: 63.81% | Train Time: 27.20s
2025-01-05 05:10:53,783 | INFO | Epoch [84] Val Loss: 0.8431 | Val Acc: 71.12% | Val Time: 2.80s
2025-01-05 05:10:53,784 | INFO | Epoch [84] Train Loss: 1.0108 | Train Acc: 63.81% | Train Time: 27.20s | Val Loss: 0.8431 | Val Acc: 71.12% | Val Time: 2.80s | Total Elapsed Time: 2795.26s
2025-01-05 05:11:00,631 | INFO | 开始第 85 轮训练。
2025-01-05 05:11:21,197 | INFO | Epoch [85] Train Loss: 0.9816 | Train Acc: 65.58% | Train Time: 20.56s
2025-01-05 05:11:23,919 | INFO | Epoch [85] Val Loss: 0.8454 | Val Acc: 71.44% | Val Time: 2.72s
2025-01-05 05:11:23,920 | INFO | Epoch [85] Train Loss: 0.9816 | Train Acc: 65.58% | Train Time: 20.56s | Val Loss: 0.8454 | Val Acc: 71.44% | Val Time: 2.72s | Total Elapsed Time: 2825.39s
2025-01-05 05:11:27,784 | INFO | 开始第 86 轮训练。
2025-01-05 05:11:51,120 | INFO | Epoch [86] Train Loss: 0.9782 | Train Acc: 65.15% | Train Time: 23.33s
2025-01-05 05:11:53,771 | INFO | Epoch [86] Val Loss: 0.8413 | Val Acc: 71.92% | Val Time: 2.65s
2025-01-05 05:11:53,772 | INFO | Epoch [86] Train Loss: 0.9782 | Train Acc: 65.15% | Train Time: 23.33s | Val Loss: 0.8413 | Val Acc: 71.92% | Val Time: 2.65s | Total Elapsed Time: 2855.25s
2025-01-05 05:11:57,159 | INFO | 开始第 87 轮训练。
2025-01-05 05:12:21,039 | INFO | Epoch [87] Train Loss: 0.9751 | Train Acc: 65.79% | Train Time: 23.88s
2025-01-05 05:12:23,712 | INFO | Epoch [87] Val Loss: 0.8271 | Val Acc: 71.68% | Val Time: 2.67s
2025-01-05 05:12:23,713 | INFO | Epoch [87] Train Loss: 0.9751 | Train Acc: 65.79% | Train Time: 23.88s | Val Loss: 0.8271 | Val Acc: 71.68% | Val Time: 2.67s | Total Elapsed Time: 2885.19s
2025-01-05 05:12:23,713 | INFO | 开始第 88 轮训练。
2025-01-05 05:12:51,046 | INFO | Epoch [88] Train Loss: 0.9940 | Train Acc: 65.06% | Train Time: 27.33s
2025-01-05 05:12:53,703 | INFO | Epoch [88] Val Loss: 0.8261 | Val Acc: 72.16% | Val Time: 2.65s
2025-01-05 05:12:53,703 | INFO | Epoch [88] Train Loss: 0.9940 | Train Acc: 65.06% | Train Time: 27.33s | Val Loss: 0.8261 | Val Acc: 72.16% | Val Time: 2.65s | Total Elapsed Time: 2915.18s
2025-01-05 05:12:56,982 | INFO | 开始第 89 轮训练。
2025-01-05 05:13:21,129 | INFO | Epoch [89] Train Loss: 0.9912 | Train Acc: 64.93% | Train Time: 24.14s
2025-01-05 05:13:23,809 | INFO | Epoch [89] Val Loss: 0.8205 | Val Acc: 72.80% | Val Time: 2.68s
2025-01-05 05:13:23,810 | INFO | Epoch [89] Train Loss: 0.9912 | Train Acc: 64.93% | Train Time: 24.14s | Val Loss: 0.8205 | Val Acc: 72.80% | Val Time: 2.68s | Total Elapsed Time: 2945.28s
2025-01-05 05:13:28,037 | INFO | 开始第 90 轮训练。
2025-01-05 05:13:51,397 | INFO | Epoch [90] Train Loss: 0.9834 | Train Acc: 64.94% | Train Time: 23.36s
2025-01-05 05:13:54,217 | INFO | Epoch [90] Val Loss: 0.8234 | Val Acc: 72.08% | Val Time: 2.82s
2025-01-05 05:13:54,218 | INFO | Epoch [90] Train Loss: 0.9834 | Train Acc: 64.94% | Train Time: 23.36s | Val Loss: 0.8234 | Val Acc: 72.08% | Val Time: 2.82s | Total Elapsed Time: 2975.69s
2025-01-05 05:13:54,218 | INFO | 开始第 91 轮训练。
2025-01-05 05:14:20,929 | INFO | Epoch [91] Train Loss: 0.9752 | Train Acc: 65.25% | Train Time: 26.71s
2025-01-05 05:14:23,761 | INFO | Epoch [91] Val Loss: 0.8180 | Val Acc: 72.24% | Val Time: 2.83s
2025-01-05 05:14:23,762 | INFO | Epoch [91] Train Loss: 0.9752 | Train Acc: 65.25% | Train Time: 26.71s | Val Loss: 0.8180 | Val Acc: 72.24% | Val Time: 2.83s | Total Elapsed Time: 3005.24s
2025-01-05 05:14:23,762 | INFO | 开始第 92 轮训练。
2025-01-05 05:14:50,700 | INFO | Epoch [92] Train Loss: 0.9845 | Train Acc: 65.14% | Train Time: 26.94s
2025-01-05 05:14:53,466 | INFO | Epoch [92] Val Loss: 0.8161 | Val Acc: 72.48% | Val Time: 2.76s
2025-01-05 05:14:53,467 | INFO | Epoch [92] Train Loss: 0.9845 | Train Acc: 65.14% | Train Time: 26.94s | Val Loss: 0.8161 | Val Acc: 72.48% | Val Time: 2.76s | Total Elapsed Time: 3034.94s
2025-01-05 05:14:53,467 | INFO | 开始第 93 轮训练。
2025-01-05 05:15:20,200 | INFO | Epoch [93] Train Loss: 0.9676 | Train Acc: 65.79% | Train Time: 26.73s
2025-01-05 05:15:22,788 | INFO | Epoch [93] Val Loss: 0.8154 | Val Acc: 72.48% | Val Time: 2.58s
2025-01-05 05:15:22,789 | INFO | Epoch [93] Train Loss: 0.9676 | Train Acc: 65.79% | Train Time: 26.73s | Val Loss: 0.8154 | Val Acc: 72.48% | Val Time: 2.58s | Total Elapsed Time: 3064.26s
2025-01-05 05:15:22,789 | INFO | 开始第 94 轮训练。
2025-01-05 05:15:50,318 | INFO | Epoch [94] Train Loss: 0.9756 | Train Acc: 65.47% | Train Time: 27.53s
2025-01-05 05:15:53,098 | INFO | Epoch [94] Val Loss: 0.8165 | Val Acc: 72.88% | Val Time: 2.78s
2025-01-05 05:15:53,098 | INFO | Epoch [94] Train Loss: 0.9756 | Train Acc: 65.47% | Train Time: 27.53s | Val Loss: 0.8165 | Val Acc: 72.88% | Val Time: 2.78s | Total Elapsed Time: 3094.57s
2025-01-05 05:15:57,320 | INFO | 开始第 95 轮训练。
2025-01-05 05:16:20,281 | INFO | Epoch [95] Train Loss: 0.9674 | Train Acc: 65.87% | Train Time: 22.96s
2025-01-05 05:16:23,103 | INFO | Epoch [95] Val Loss: 0.8171 | Val Acc: 72.48% | Val Time: 2.82s
2025-01-05 05:16:23,104 | INFO | Epoch [95] Train Loss: 0.9674 | Train Acc: 65.87% | Train Time: 22.96s | Val Loss: 0.8171 | Val Acc: 72.48% | Val Time: 2.82s | Total Elapsed Time: 3124.58s
2025-01-05 05:16:23,104 | INFO | 开始第 96 轮训练。
2025-01-05 05:16:49,822 | INFO | Epoch [96] Train Loss: 0.9638 | Train Acc: 66.48% | Train Time: 26.72s
2025-01-05 05:16:52,367 | INFO | Epoch [96] Val Loss: 0.8150 | Val Acc: 72.96% | Val Time: 2.54s
2025-01-05 05:16:52,368 | INFO | Epoch [96] Train Loss: 0.9638 | Train Acc: 66.48% | Train Time: 26.72s | Val Loss: 0.8150 | Val Acc: 72.96% | Val Time: 2.54s | Total Elapsed Time: 3153.84s
2025-01-05 05:16:55,047 | INFO | 开始第 97 轮训练。
2025-01-05 05:17:19,108 | INFO | Epoch [97] Train Loss: 0.9752 | Train Acc: 65.44% | Train Time: 24.06s
2025-01-05 05:17:21,632 | INFO | Epoch [97] Val Loss: 0.8180 | Val Acc: 72.40% | Val Time: 2.52s
2025-01-05 05:17:21,633 | INFO | Epoch [97] Train Loss: 0.9752 | Train Acc: 65.44% | Train Time: 24.06s | Val Loss: 0.8180 | Val Acc: 72.40% | Val Time: 2.52s | Total Elapsed Time: 3183.11s
2025-01-05 05:17:21,633 | INFO | 开始第 98 轮训练。
2025-01-05 05:17:48,712 | INFO | Epoch [98] Train Loss: 0.9562 | Train Acc: 65.68% | Train Time: 27.08s
2025-01-05 05:17:51,342 | INFO | Epoch [98] Val Loss: 0.8136 | Val Acc: 72.56% | Val Time: 2.63s
2025-01-05 05:17:51,342 | INFO | Epoch [98] Train Loss: 0.9562 | Train Acc: 65.68% | Train Time: 27.08s | Val Loss: 0.8136 | Val Acc: 72.56% | Val Time: 2.63s | Total Elapsed Time: 3212.82s
2025-01-05 05:17:51,342 | INFO | 开始第 99 轮训练。
2025-01-05 05:18:17,981 | INFO | Epoch [99] Train Loss: 0.9405 | Train Acc: 66.69% | Train Time: 26.64s
2025-01-05 05:18:20,537 | INFO | Epoch [99] Val Loss: 0.8153 | Val Acc: 72.56% | Val Time: 2.55s
2025-01-05 05:18:20,539 | INFO | Epoch [99] Train Loss: 0.9405 | Train Acc: 66.69% | Train Time: 26.64s | Val Loss: 0.8153 | Val Acc: 72.56% | Val Time: 2.55s | Total Elapsed Time: 3242.01s
2025-01-05 05:18:20,539 | INFO | 开始第 100 轮训练。
2025-01-05 05:18:47,747 | INFO | Epoch [100] Train Loss: 0.9664 | Train Acc: 65.10% | Train Time: 27.21s
2025-01-05 05:18:50,500 | INFO | Epoch [100] Val Loss: 0.8156 | Val Acc: 72.48% | Val Time: 2.75s
2025-01-05 05:18:50,501 | INFO | Epoch [100] Train Loss: 0.9664 | Train Acc: 65.10% | Train Time: 27.21s | Val Loss: 0.8156 | Val Acc: 72.48% | Val Time: 2.75s | Total Elapsed Time: 3271.97s
2025-01-05 05:18:51,029 | INFO | 训练脚本已完成。
